[0.420s] DEBUG:colcon:Command line arguments: ['/usr/bin/colcon', 'build', '--symlink-install']
[0.420s] DEBUG:colcon:Parsed command line arguments: Namespace(allow_overriding=[], ament_cmake_args=None, base_paths=['.'], build_base='build', catkin_cmake_args=None, catkin_skip_building_tests=False, cmake_args=None, cmake_clean_cache=False, cmake_clean_first=False, cmake_force_configure=False, cmake_target=None, cmake_target_skip_unavailable=False, continue_on_error=False, event_handlers=None, executor='parallel', ignore_user_meta=False, install_base='install', log_base=None, log_level=None, main=<bound method BuildVerb.main of <colcon_core.verb.build.BuildVerb object at 0x7f2d5d71f220>>, merge_install=False, metas=['./colcon.meta'], packages_above=None, packages_above_and_dependencies=None, packages_above_depth=None, packages_end=None, packages_ignore=None, packages_ignore_regex=None, packages_select=None, packages_select_build_failed=False, packages_select_by_dep=None, packages_select_regex=None, packages_select_test_failures=False, packages_skip=None, packages_skip_build_finished=False, packages_skip_by_dep=None, packages_skip_regex=None, packages_skip_test_passed=False, packages_skip_up_to=None, packages_start=None, packages_up_to=None, packages_up_to_regex=None, parallel_workers=6, paths=None, symlink_install=True, test_result_base=None, verb_extension=<colcon_core.verb.build.BuildVerb object at 0x7f2d5d71f220>, verb_name='build', verb_parser=<colcon_defaults.argument_parser.defaults.DefaultArgumentsDecorator object at 0x7f2d5d5d1460>)
[0.599s] Level 1:colcon.colcon_core.package_discovery:discover_packages(colcon_meta) check parameters
[0.599s] Level 1:colcon.colcon_core.package_discovery:discover_packages(recursive) check parameters
[0.599s] Level 1:colcon.colcon_core.package_discovery:discover_packages(ignore) check parameters
[0.599s] Level 1:colcon.colcon_core.package_discovery:discover_packages(path) check parameters
[0.599s] Level 1:colcon.colcon_core.package_discovery:discover_packages(colcon_meta) discover
[0.599s] Level 1:colcon.colcon_core.package_discovery:discover_packages(recursive) discover
[0.599s] INFO:colcon.colcon_core.package_discovery:Crawling recursively for packages in '/home/tuwi/dev_lts'
[0.599s] Level 1:colcon.colcon_core.package_identification:_identify(.) by extensions ['ignore', 'ignore_ament_install']
[0.599s] Level 1:colcon.colcon_core.package_identification:_identify(.) by extension 'ignore'
[0.600s] Level 1:colcon.colcon_core.package_identification:_identify(.) by extension 'ignore_ament_install'
[0.600s] Level 1:colcon.colcon_core.package_identification:_identify(.) by extensions ['colcon_pkg']
[0.600s] Level 1:colcon.colcon_core.package_identification:_identify(.) by extension 'colcon_pkg'
[0.600s] Level 1:colcon.colcon_core.package_identification:_identify(.) by extensions ['colcon_meta']
[0.600s] Level 1:colcon.colcon_core.package_identification:_identify(.) by extension 'colcon_meta'
[0.600s] Level 1:colcon.colcon_core.package_identification:_identify(.) by extensions ['ros']
[0.600s] Level 1:colcon.colcon_core.package_identification:_identify(.) by extension 'ros'
[0.614s] Level 1:colcon.colcon_core.package_identification:_identify(.) by extensions ['cmake', 'python']
[0.614s] Level 1:colcon.colcon_core.package_identification:_identify(.) by extension 'cmake'
[0.614s] Level 1:colcon.colcon_core.package_identification:_identify(.) by extension 'python'
[0.615s] Level 1:colcon.colcon_core.package_identification:_identify(.) by extensions ['python_setup_py']
[0.615s] Level 1:colcon.colcon_core.package_identification:_identify(.) by extension 'python_setup_py'
[0.615s] Level 1:colcon.colcon_core.package_identification:_identify(build) by extensions ['ignore', 'ignore_ament_install']
[0.615s] Level 1:colcon.colcon_core.package_identification:_identify(build) by extension 'ignore'
[0.615s] Level 1:colcon.colcon_core.package_identification:_identify(build) ignored
[0.615s] Level 1:colcon.colcon_core.package_identification:_identify(install) by extensions ['ignore', 'ignore_ament_install']
[0.615s] Level 1:colcon.colcon_core.package_identification:_identify(install) by extension 'ignore'
[0.615s] Level 1:colcon.colcon_core.package_identification:_identify(install) ignored
[0.615s] Level 1:colcon.colcon_core.package_identification:_identify(log) by extensions ['ignore', 'ignore_ament_install']
[0.615s] Level 1:colcon.colcon_core.package_identification:_identify(log) by extension 'ignore'
[0.615s] Level 1:colcon.colcon_core.package_identification:_identify(log) ignored
[0.615s] Level 1:colcon.colcon_core.package_identification:_identify(src) by extensions ['ignore', 'ignore_ament_install']
[0.615s] Level 1:colcon.colcon_core.package_identification:_identify(src) by extension 'ignore'
[0.615s] Level 1:colcon.colcon_core.package_identification:_identify(src) by extension 'ignore_ament_install'
[0.615s] Level 1:colcon.colcon_core.package_identification:_identify(src) by extensions ['colcon_pkg']
[0.615s] Level 1:colcon.colcon_core.package_identification:_identify(src) by extension 'colcon_pkg'
[0.615s] Level 1:colcon.colcon_core.package_identification:_identify(src) by extensions ['colcon_meta']
[0.615s] Level 1:colcon.colcon_core.package_identification:_identify(src) by extension 'colcon_meta'
[0.615s] Level 1:colcon.colcon_core.package_identification:_identify(src) by extensions ['ros']
[0.615s] Level 1:colcon.colcon_core.package_identification:_identify(src) by extension 'ros'
[0.615s] Level 1:colcon.colcon_core.package_identification:_identify(src) by extensions ['cmake', 'python']
[0.615s] Level 1:colcon.colcon_core.package_identification:_identify(src) by extension 'cmake'
[0.615s] Level 1:colcon.colcon_core.package_identification:_identify(src) by extension 'python'
[0.615s] Level 1:colcon.colcon_core.package_identification:_identify(src) by extensions ['python_setup_py']
[0.616s] Level 1:colcon.colcon_core.package_identification:_identify(src) by extension 'python_setup_py'
[0.616s] Level 1:colcon.colcon_core.package_identification:_identify(src/my_robot) by extensions ['ignore', 'ignore_ament_install']
[0.616s] Level 1:colcon.colcon_core.package_identification:_identify(src/my_robot) by extension 'ignore'
[0.616s] Level 1:colcon.colcon_core.package_identification:_identify(src/my_robot) by extension 'ignore_ament_install'
[0.616s] Level 1:colcon.colcon_core.package_identification:_identify(src/my_robot) by extensions ['colcon_pkg']
[0.616s] Level 1:colcon.colcon_core.package_identification:_identify(src/my_robot) by extension 'colcon_pkg'
[0.616s] Level 1:colcon.colcon_core.package_identification:_identify(src/my_robot) by extensions ['colcon_meta']
[0.616s] Level 1:colcon.colcon_core.package_identification:_identify(src/my_robot) by extension 'colcon_meta'
[0.616s] Level 1:colcon.colcon_core.package_identification:_identify(src/my_robot) by extensions ['ros']
[0.616s] Level 1:colcon.colcon_core.package_identification:_identify(src/my_robot) by extension 'ros'
[0.619s] DEBUG:colcon.colcon_core.package_identification:Package 'src/my_robot' with type 'ros.ament_cmake' and name 'my_robot'
[0.619s] Level 1:colcon.colcon_core.package_discovery:discover_packages(recursive) using defaults
[0.619s] Level 1:colcon.colcon_core.package_discovery:discover_packages(ignore) discover
[0.619s] Level 1:colcon.colcon_core.package_discovery:discover_packages(ignore) using defaults
[0.619s] Level 1:colcon.colcon_core.package_discovery:discover_packages(path) discover
[0.619s] Level 1:colcon.colcon_core.package_discovery:discover_packages(path) using defaults
[0.645s] Level 1:colcon.colcon_core.package_discovery:discover_packages(prefix_path) check parameters
[0.645s] Level 1:colcon.colcon_core.package_discovery:discover_packages(prefix_path) discover
[0.653s] DEBUG:colcon.colcon_installed_package_information.package_discovery:Found 1 installed packages in /home/tuwi/dev_ws/install
[0.653s] DEBUG:colcon.colcon_installed_package_information.package_discovery:Found 1 installed packages in /home/tuwi/install
[0.654s] DEBUG:colcon.colcon_installed_package_information.package_discovery:Found 306 installed packages in /opt/ros/foxy
[0.656s] Level 1:colcon.colcon_core.package_discovery:discover_packages(prefix_path) using defaults
[0.757s] Level 5:colcon.colcon_core.verb:set package 'my_robot' build argument 'cmake_args' from command line to 'None'
[0.757s] Level 5:colcon.colcon_core.verb:set package 'my_robot' build argument 'cmake_target' from command line to 'None'
[0.757s] Level 5:colcon.colcon_core.verb:set package 'my_robot' build argument 'cmake_target_skip_unavailable' from command line to 'False'
[0.757s] Level 5:colcon.colcon_core.verb:set package 'my_robot' build argument 'cmake_clean_cache' from command line to 'False'
[0.757s] Level 5:colcon.colcon_core.verb:set package 'my_robot' build argument 'cmake_clean_first' from command line to 'False'
[0.757s] Level 5:colcon.colcon_core.verb:set package 'my_robot' build argument 'cmake_force_configure' from command line to 'False'
[0.757s] Level 5:colcon.colcon_core.verb:set package 'my_robot' build argument 'ament_cmake_args' from command line to 'None'
[0.757s] Level 5:colcon.colcon_core.verb:set package 'my_robot' build argument 'catkin_cmake_args' from command line to 'None'
[0.757s] Level 5:colcon.colcon_core.verb:set package 'my_robot' build argument 'catkin_skip_building_tests' from command line to 'False'
[0.757s] DEBUG:colcon.colcon_core.verb:Building package 'my_robot' with the following arguments: {'ament_cmake_args': None, 'build_base': '/home/tuwi/dev_lts/build/my_robot', 'catkin_cmake_args': None, 'catkin_skip_building_tests': False, 'cmake_args': None, 'cmake_clean_cache': False, 'cmake_clean_first': False, 'cmake_force_configure': False, 'cmake_target': None, 'cmake_target_skip_unavailable': False, 'install_base': '/home/tuwi/dev_lts/install/my_robot', 'merge_install': False, 'path': '/home/tuwi/dev_lts/src/my_robot', 'symlink_install': True, 'test_result_base': None}
[0.757s] INFO:colcon.colcon_core.executor:Executing jobs using 'parallel' executor
[0.758s] DEBUG:colcon.colcon_parallel_executor.executor.parallel:run_until_complete
[0.759s] INFO:colcon.colcon_ros.task.ament_cmake.build:Building ROS package in '/home/tuwi/dev_lts/src/my_robot' with build type 'ament_cmake'
[0.759s] INFO:colcon.colcon_cmake.task.cmake.build:Building CMake package in '/home/tuwi/dev_lts/src/my_robot'
[0.765s] INFO:colcon.colcon_core.plugin_system:Skipping extension 'colcon_core.shell.bat': Not used on non-Windows systems
[0.765s] INFO:colcon.colcon_core.shell:Skip shell extension 'powershell' for command environment: Not usable outside of PowerShell
[0.765s] DEBUG:colcon.colcon_core.shell:Skip shell extension 'dsv' for command environment
[0.780s] DEBUG:colcon.colcon_core.event_handler.log_command:Invoking command in '/home/tuwi/dev_lts/build/my_robot': CMAKE_PREFIX_PATH=${CMAKE_PREFIX_PATH}:/opt/ros/foxy /usr/bin/cmake /home/tuwi/dev_lts/src/my_robot -DAMENT_CMAKE_SYMLINK_INSTALL=1 -DCMAKE_INSTALL_PREFIX=/home/tuwi/dev_lts/install/my_robot
[2.127s] DEBUG:colcon.colcon_core.event_handler.log_command:Invoked command in '/home/tuwi/dev_lts/build/my_robot' returned '0': CMAKE_PREFIX_PATH=${CMAKE_PREFIX_PATH}:/opt/ros/foxy /usr/bin/cmake /home/tuwi/dev_lts/src/my_robot -DAMENT_CMAKE_SYMLINK_INSTALL=1 -DCMAKE_INSTALL_PREFIX=/home/tuwi/dev_lts/install/my_robot
[2.131s] DEBUG:colcon.colcon_core.event_handler.log_command:Invoking command in '/home/tuwi/dev_lts/build/my_robot': CMAKE_PREFIX_PATH=${CMAKE_PREFIX_PATH}:/opt/ros/foxy /usr/bin/cmake --build /home/tuwi/dev_lts/build/my_robot -- -j6 -l6
[2.196s] DEBUG:colcon.colcon_core.event_handler.log_command:Invoked command in '/home/tuwi/dev_lts/build/my_robot' returned '0': CMAKE_PREFIX_PATH=${CMAKE_PREFIX_PATH}:/opt/ros/foxy /usr/bin/cmake --build /home/tuwi/dev_lts/build/my_robot -- -j6 -l6
[2.226s] DEBUG:colcon.colcon_core.event_handler.log_command:Invoking command in '/home/tuwi/dev_lts/build/my_robot': CMAKE_PREFIX_PATH=${CMAKE_PREFIX_PATH}:/opt/ros/foxy /usr/bin/cmake --install /home/tuwi/dev_lts/build/my_robot
[2.470s] Level 1:colcon.colcon_core.environment:create_environment_scripts_only(my_robot)
[2.471s] DEBUG:colcon.colcon_core.event_handler.log_command:Invoked command in '/home/tuwi/dev_lts/build/my_robot' returned '0': CMAKE_PREFIX_PATH=${CMAKE_PREFIX_PATH}:/opt/ros/foxy /usr/bin/cmake --install /home/tuwi/dev_lts/build/my_robot
[2.479s] Level 1:colcon.colcon_core.environment:checking '/home/tuwi/dev_lts/install/my_robot' for CMake module files
[2.479s] Level 1:colcon.colcon_core.environment:checking '/home/tuwi/dev_lts/install/my_robot' for CMake config files
[2.479s] Level 1:colcon.colcon_core.shell:create_environment_hook('my_robot', 'cmake_prefix_path')
[2.479s] INFO:colcon.colcon_core.shell:Creating environment hook '/home/tuwi/dev_lts/install/my_robot/share/my_robot/hook/cmake_prefix_path.ps1'
[2.481s] INFO:colcon.colcon_core.shell:Creating environment descriptor '/home/tuwi/dev_lts/install/my_robot/share/my_robot/hook/cmake_prefix_path.dsv'
[2.481s] INFO:colcon.colcon_core.shell:Creating environment hook '/home/tuwi/dev_lts/install/my_robot/share/my_robot/hook/cmake_prefix_path.sh'
[2.483s] Level 1:colcon.colcon_core.environment:checking '/home/tuwi/dev_lts/install/my_robot/bin'
[2.483s] Level 1:colcon.colcon_core.environment:checking '/home/tuwi/dev_lts/install/my_robot/lib/pkgconfig/my_robot.pc'
[2.483s] Level 1:colcon.colcon_core.environment:checking '/home/tuwi/dev_lts/install/my_robot/lib/python3.8/site-packages'
[2.483s] Level 1:colcon.colcon_core.environment:checking '/home/tuwi/dev_lts/install/my_robot/bin'
[2.483s] INFO:colcon.colcon_core.shell:Creating package script '/home/tuwi/dev_lts/install/my_robot/share/my_robot/package.ps1'
[2.484s] INFO:colcon.colcon_core.shell:Creating package descriptor '/home/tuwi/dev_lts/install/my_robot/share/my_robot/package.dsv'
[2.485s] INFO:colcon.colcon_core.shell:Creating package script '/home/tuwi/dev_lts/install/my_robot/share/my_robot/package.sh'
[2.486s] INFO:colcon.colcon_core.shell:Creating package script '/home/tuwi/dev_lts/install/my_robot/share/my_robot/package.bash'
[2.487s] INFO:colcon.colcon_core.shell:Creating package script '/home/tuwi/dev_lts/install/my_robot/share/my_robot/package.zsh'
[2.488s] Level 1:colcon.colcon_core.environment:create_file_with_runtime_dependencies(/home/tuwi/dev_lts/install/my_robot/share/colcon-core/packages/my_robot)
[2.488s] Level 1:colcon.colcon_core.environment:create_environment_scripts_only(my_robot)
[2.489s] Level 1:colcon.colcon_core.environment:checking '/home/tuwi/dev_lts/install/my_robot' for CMake module files
[2.489s] Level 1:colcon.colcon_core.environment:checking '/home/tuwi/dev_lts/install/my_robot' for CMake config files
[2.489s] Level 1:colcon.colcon_core.shell:create_environment_hook('my_robot', 'cmake_prefix_path')
[2.489s] INFO:colcon.colcon_core.shell:Creating environment hook '/home/tuwi/dev_lts/install/my_robot/share/my_robot/hook/cmake_prefix_path.ps1'
[2.490s] INFO:colcon.colcon_core.shell:Creating environment descriptor '/home/tuwi/dev_lts/install/my_robot/share/my_robot/hook/cmake_prefix_path.dsv'
[2.490s] INFO:colcon.colcon_core.shell:Creating environment hook '/home/tuwi/dev_lts/install/my_robot/share/my_robot/hook/cmake_prefix_path.sh'
[2.491s] Level 1:colcon.colcon_core.environment:checking '/home/tuwi/dev_lts/install/my_robot/bin'
[2.491s] Level 1:colcon.colcon_core.environment:checking '/home/tuwi/dev_lts/install/my_robot/lib/pkgconfig/my_robot.pc'
[2.491s] Level 1:colcon.colcon_core.environment:checking '/home/tuwi/dev_lts/install/my_robot/lib/python3.8/site-packages'
[2.491s] Level 1:colcon.colcon_core.environment:checking '/home/tuwi/dev_lts/install/my_robot/bin'
[2.491s] INFO:colcon.colcon_core.shell:Creating package script '/home/tuwi/dev_lts/install/my_robot/share/my_robot/package.ps1'
[2.492s] INFO:colcon.colcon_core.shell:Creating package descriptor '/home/tuwi/dev_lts/install/my_robot/share/my_robot/package.dsv'
[2.492s] INFO:colcon.colcon_core.shell:Creating package script '/home/tuwi/dev_lts/install/my_robot/share/my_robot/package.sh'
[2.492s] INFO:colcon.colcon_core.shell:Creating package script '/home/tuwi/dev_lts/install/my_robot/share/my_robot/package.bash'
[2.493s] INFO:colcon.colcon_core.shell:Creating package script '/home/tuwi/dev_lts/install/my_robot/share/my_robot/package.zsh'
[2.493s] Level 1:colcon.colcon_core.environment:create_file_with_runtime_dependencies(/home/tuwi/dev_lts/install/my_robot/share/colcon-core/packages/my_robot)
[2.494s] DEBUG:colcon.colcon_parallel_executor.executor.parallel:closing loop
[2.494s] DEBUG:colcon.colcon_parallel_executor.executor.parallel:loop closed
[2.494s] DEBUG:colcon.colcon_parallel_executor.executor.parallel:run_until_complete finished with '0'
[2.494s] DEBUG:colcon.colcon_core.event_reactor:joining thread
[2.516s] INFO:colcon.colcon_core.plugin_system:Skipping extension 'colcon_notification.desktop_notification.terminal_notifier': Not used on non-Darwin systems
[2.516s] INFO:colcon.colcon_core.plugin_system:Skipping extension 'colcon_notification.desktop_notification.win32': Not used on non-Windows systems
[2.516s] INFO:colcon.colcon_notification.desktop_notification:Sending desktop notification using 'notify2'
[2.599s] DEBUG:colcon.colcon_core.event_reactor:joined thread
[2.600s] INFO:colcon.colcon_core.shell:Creating prefix script '/home/tuwi/dev_lts/install/local_setup.ps1'
[2.603s] INFO:colcon.colcon_core.shell:Creating prefix util module '/home/tuwi/dev_lts/install/_local_setup_util_ps1.py'
[2.607s] INFO:colcon.colcon_core.shell:Creating prefix chain script '/home/tuwi/dev_lts/install/setup.ps1'
[2.610s] INFO:colcon.colcon_core.shell:Creating prefix script '/home/tuwi/dev_lts/install/local_setup.sh'
[2.613s] INFO:colcon.colcon_core.shell:Creating prefix util module '/home/tuwi/dev_lts/install/_local_setup_util_sh.py'
[2.614s] INFO:colcon.colcon_core.shell:Creating prefix chain script '/home/tuwi/dev_lts/install/setup.sh'
[2.618s] INFO:colcon.colcon_core.shell:Creating prefix script '/home/tuwi/dev_lts/install/local_setup.bash'
[2.620s] INFO:colcon.colcon_core.shell:Creating prefix chain script '/home/tuwi/dev_lts/install/setup.bash'
[2.624s] INFO:colcon.colcon_core.shell:Creating prefix script '/home/tuwi/dev_lts/install/local_setup.zsh'
[2.626s] INFO:colcon.colcon_core.shell:Creating prefix chain script '/home/tuwi/dev_lts/install/setup.zsh'
