[0.021s] Invoking command in '/home/tuwi/dev_lts/build/my_robot': CMAKE_PREFIX_PATH=${CMAKE_PREFIX_PATH}:/opt/ros/foxy /usr/bin/cmake /home/tuwi/dev_lts/src/my_robot -DAMENT_CMAKE_SYMLINK_INSTALL=1 -DCMAKE_INSTALL_PREFIX=/home/tuwi/dev_lts/install/my_robot
[0.283s] -- The C compiler identification is GNU 9.4.0
[0.460s] -- The CXX compiler identification is GNU 9.4.0
[0.474s] -- Check for working C compiler: /usr/bin/cc
[0.558s] -- Check for working C compiler: /usr/bin/cc -- works
[0.560s] -- Detecting C compiler ABI info
[0.628s] -- Detecting C compiler ABI info - done
[0.639s] -- Detecting C compile features
[0.639s] -- Detecting C compile features - done
[0.643s] -- Check for working CXX compiler: /usr/bin/c++
[0.725s] -- Check for working CXX compiler: /usr/bin/c++ -- works
[0.726s] -- Detecting CXX compiler ABI info
[0.812s] -- Detecting CXX compiler ABI info - done
[0.824s] -- Detecting CXX compile features
[0.824s] -- Detecting CXX compile features - done
[0.836s] -- Found ament_cmake: 0.9.12 (/opt/ros/foxy/share/ament_cmake/cmake)
[0.871s] -- Found PythonInterp: /usr/bin/python3 (found suitable version "3.8.10", minimum required is "3") 
[0.871s] -- Using PYTHON_EXECUTABLE: /usr/bin/python3
[1.112s] -- Override CMake install command with custom implementation using symlinks instead of copying resources
[1.178s] -- Found ament_lint_auto: 0.9.8 (/opt/ros/foxy/share/ament_lint_auto/cmake)
[1.343s] -- Added test 'copyright' to check source files copyright and LICENSE
[1.351s] -- Added test 'flake8' to check Python code syntax and style conventions
[1.353s] -- Added test 'lint_cmake' to check CMake code style
[1.354s] -- Added test 'pep257' to check Python code against some of the style conventions in PEP 257
[1.357s] -- Added test 'xmllint' to check XML markup files
[1.360s] -- Configuring done
[1.363s] -- Generating done
[1.364s] -- Build files have been written to: /home/tuwi/dev_lts/build/my_robot
[1.368s] Invoked command in '/home/tuwi/dev_lts/build/my_robot' returned '0': CMAKE_PREFIX_PATH=${CMAKE_PREFIX_PATH}:/opt/ros/foxy /usr/bin/cmake /home/tuwi/dev_lts/src/my_robot -DAMENT_CMAKE_SYMLINK_INSTALL=1 -DCMAKE_INSTALL_PREFIX=/home/tuwi/dev_lts/install/my_robot
[1.371s] Invoking command in '/home/tuwi/dev_lts/build/my_robot': CMAKE_PREFIX_PATH=${CMAKE_PREFIX_PATH}:/opt/ros/foxy /usr/bin/cmake --build /home/tuwi/dev_lts/build/my_robot -- -j6 -l6
[1.436s] Invoked command in '/home/tuwi/dev_lts/build/my_robot' returned '0': CMAKE_PREFIX_PATH=${CMAKE_PREFIX_PATH}:/opt/ros/foxy /usr/bin/cmake --build /home/tuwi/dev_lts/build/my_robot -- -j6 -l6
[1.467s] Invoking command in '/home/tuwi/dev_lts/build/my_robot': CMAKE_PREFIX_PATH=${CMAKE_PREFIX_PATH}:/opt/ros/foxy /usr/bin/cmake --install /home/tuwi/dev_lts/build/my_robot
[1.484s] -- Install configuration: ""
[1.486s] -- Execute custom install script
[1.488s] -- Symlinking: /home/tuwi/dev_lts/install/my_robot/share/my_robot/config/empty.yaml
[1.506s] -- Symlinking: /home/tuwi/dev_lts/install/my_robot/share/my_robot/description/robot.urdf.xacro
[1.523s] -- Symlinking: /home/tuwi/dev_lts/install/my_robot/share/my_robot/launch/rsp.launch.py
[1.544s] -- Symlinking: /home/tuwi/dev_lts/install/my_robot/share/my_robot/worlds/empty.world
[1.567s] -- Symlinking: /home/tuwi/dev_lts/install/my_robot/share/ament_index/resource_index/package_run_dependencies/my_robot
[1.577s] -- Symlinking: /home/tuwi/dev_lts/install/my_robot/share/ament_index/resource_index/parent_prefix_path/my_robot
[1.585s] -- Symlinking: /home/tuwi/dev_lts/install/my_robot/share/my_robot/environment/ament_prefix_path.sh
[1.594s] -- Symlinking: /home/tuwi/dev_lts/install/my_robot/share/my_robot/environment/ament_prefix_path.dsv
[1.603s] -- Symlinking: /home/tuwi/dev_lts/install/my_robot/share/my_robot/environment/path.sh
[1.610s] -- Symlinking: /home/tuwi/dev_lts/install/my_robot/share/my_robot/environment/path.dsv
[1.618s] -- Symlinking: /home/tuwi/dev_lts/install/my_robot/share/my_robot/local_setup.bash
[1.631s] -- Symlinking: /home/tuwi/dev_lts/install/my_robot/share/my_robot/local_setup.sh
[1.640s] -- Symlinking: /home/tuwi/dev_lts/install/my_robot/share/my_robot/local_setup.zsh
[1.649s] -- Symlinking: /home/tuwi/dev_lts/install/my_robot/share/my_robot/local_setup.dsv
[1.660s] -- Symlinking: /home/tuwi/dev_lts/install/my_robot/share/my_robot/package.dsv
[1.669s] -- Symlinking: /home/tuwi/dev_lts/install/my_robot/share/ament_index/resource_index/packages/my_robot
[1.678s] -- Symlinking: /home/tuwi/dev_lts/install/my_robot/share/my_robot/cmake/my_robotConfig.cmake
[1.685s] -- Symlinking: /home/tuwi/dev_lts/install/my_robot/share/my_robot/cmake/my_robotConfig-version.cmake
[1.697s] -- Symlinking: /home/tuwi/dev_lts/install/my_robot/share/my_robot/package.xml
[1.711s] Invoked command in '/home/tuwi/dev_lts/build/my_robot' returned '0': CMAKE_PREFIX_PATH=${CMAKE_PREFIX_PATH}:/opt/ros/foxy /usr/bin/cmake --install /home/tuwi/dev_lts/build/my_robot
